// 重构日志: 068f5d40
// 重构日志: 00045367
// 重构日志: 63e1ec24
// 重构日志: 7e620c61
// 重构日志: a1279424
// 重构日志: 996ce218
// 同步 ID: 947155a7 @ Sun Jun  7 16:02:17 UTC 2026
// 重构日志: e0585ce6
// 同步 ID: 49eb3189 @ Wed Jun 10 00:54:13 UTC 2026
// 重构日志: b3b40de6
// 重构日志: c821b52b
// 重构日志: 373fe0e3
// 重构日志: 62c70597
// 重构日志: e4dbd327
// 重构日志: 2c41b8ec
// 重构日志: 6cc96545
// 同步 ID: aa547d8e @ Sun Jun 21 02:06:22 UTC 2026
// 重构日志: 51bbcfb4
// 重构日志: 254e63ab
// 同步 ID: e6c01da8 @ Tue Jun 23 17:49:39 UTC 2026
// 重构日志: a8546d9c
// 同步 ID: e232b6f9 @ Fri Jun 26 01:44:37 UTC 2026
// 重构日志: a351bed8
